Using pre-set license
Built from '2020.3/staging' branch; Version is '2020.3.17f1 (a4537701e4ab) revision 10769271'; Using compiler version '192528614'; Build Type 'Release'
OS: 'Windows 10 Pro; OS build 19043.1237; Version 2009; 64bit' Language: 'en' Physical Memory: 8109 MB
BatchMode: 1, IsHumanControllingUs: 0, StartBugReporterOnCrash: 0, Is64bit: 1, IsPro: 0

COMMAND LINE ARGUMENTS:
C:\Program Files\Unity\Hub\Editor\2019.2.2f1\Editor\Unity.exe
-adb2
-batchMode
-noUpm
-name
AssetImportWorker0
-projectPath
C:/Users/fiona/Documents/GitHub/DigitalArtFinal2021/DigitalArtFinal20212D
-logFile
Logs/AssetImportWorker0.log
-srvPort
49265
Successfully changed project path to: C:/Users/fiona/Documents/GitHub/DigitalArtFinal2021/DigitalArtFinal20212D
C:/Users/fiona/Documents/GitHub/DigitalArtFinal2021/DigitalArtFinal20212D
Using Asset Import Pipeline V2.
Refreshing native plugins compatible for Editor in 93.39 ms, found 3 plugins.
Preloading 0 native plugins for Editor in 0.00 ms.
Initialize engine version: 2020.3.17f1 (a4537701e4ab)
[Subsystems] Discovering subsystems at path C:/Program Files/Unity/Hub/Editor/2019.2.2f1/Editor/Data/Resources/UnitySubsystems
[Subsystems] Discovering subsystems at path C:/Users/fiona/Documents/GitHub/DigitalArtFinal2021/DigitalArtFinal20212D/Assets
GfxDevice: creating device client; threaded=0
Direct3D:
    Version:  Direct3D 11.0 [level 11.1]
    Renderer: Intel(R) HD Graphics 520 (ID=0x1916)
    Vendor:   
    VRAM:     4054 MB
    Driver:   27.20.100.9168
Initialize mono
Mono path[0] = 'C:/Program Files/Unity/Hub/Editor/2019.2.2f1/Editor/Data/Managed'
Mono path[1] = 'C:/Program Files/Unity/Hub/Editor/2019.2.2f1/Editor/Data/MonoBleedingEdge/lib/mono/unityjit'
Mono config path = 'C:/Program Files/Unity/Hub/Editor/2019.2.2f1/Editor/Data/MonoBleedingEdge/etc'
Using monoOptions --debugger-agent=transport=dt_socket,embedding=1,server=y,suspend=n,address=127.0.0.1:56808
Begin MonoManager ReloadAssembly
Registering precompiled unity dll's ...
Register platform support module: C:/Program Files/Unity/Hub/Editor/2019.2.2f1/Editor/Data/PlaybackEngines/WindowsStandaloneSupport/UnityEditor.WindowsStandalone.Extensions.dll
Registered in 0.007847 seconds.
Native extension for WindowsStandalone target not found
Refreshing native plugins compatible for Editor in 69.08 ms, found 3 plugins.
Preloading 0 native plugins for Editor in 0.00 ms.
Mono: successfully reloaded assembly
- Completed reload, in  4.203 seconds
Domain Reload Profiling:
	ReloadAssembly (4204ms)
		BeginReloadAssembly (337ms)
			ExecutionOrderSort (0ms)
			DisableScriptedObjects (0ms)
			BackupInstance (0ms)
			ReleaseScriptingObjects (0ms)
			CreateAndSetChildDomain (4ms)
		EndReloadAssembly (797ms)
			LoadAssemblies (311ms)
			RebuildTransferFunctionScriptingTraits (0ms)
			SetupTypeCache (270ms)
			ReleaseScriptCaches (0ms)
			RebuildScriptCaches (54ms)
			SetupLoadedEditorAssemblies (319ms)
				LogAssemblyErrors (0ms)
				InitializePlatformSupportModulesInManaged (9ms)
				SetLoadedEditorAssemblies (0ms)
				RefreshPlugins (69ms)
				BeforeProcessingInitializeOnLoad (31ms)
				ProcessInitializeOnLoadAttributes (157ms)
				ProcessInitializeOnLoadMethodAttributes (53ms)
				AfterProcessingInitializeOnLoad (0ms)
				EditorAssembliesLoaded (0ms)
			ExecutionOrderSort2 (0ms)
			AwakeInstancesAfterBackupRestoration (0ms)
Platform modules already initialized, skipping
Registering precompiled user dll's ...
Registered in 0.023236 seconds.
Begin MonoManager ReloadAssembly
Native extension for WindowsStandalone target not found
Refreshing native plugins compatible for Editor in 71.67 ms, found 3 plugins.
Preloading 0 native plugins for Editor in 0.00 ms.
Mono: successfully reloaded assembly
- Completed reload, in  3.055 seconds
Domain Reload Profiling:
	ReloadAssembly (3060ms)
		BeginReloadAssembly (342ms)
			ExecutionOrderSort (0ms)
			DisableScriptedObjects (6ms)
			BackupInstance (0ms)
			ReleaseScriptingObjects (0ms)
			CreateAndSetChildDomain (41ms)
		EndReloadAssembly (2573ms)
			LoadAssemblies (292ms)
			RebuildTransferFunctionScriptingTraits (0ms)
			SetupTypeCache (642ms)
			ReleaseScriptCaches (1ms)
			RebuildScriptCaches (74ms)
			SetupLoadedEditorAssemblies (1331ms)
				LogAssemblyErrors (0ms)
				InitializePlatformSupportModulesInManaged (5ms)
				SetLoadedEditorAssemblies (0ms)
				RefreshPlugins (72ms)
				BeforeProcessingInitializeOnLoad (142ms)
				ProcessInitializeOnLoadAttributes (1011ms)
				ProcessInitializeOnLoadMethodAttributes (53ms)
				AfterProcessingInitializeOnLoad (47ms)
				EditorAssembliesLoaded (1ms)
			ExecutionOrderSort2 (0ms)
			AwakeInstancesAfterBackupRestoration (30ms)
Platform modules already initialized, skipping
========================================================================
Worker process is ready to serve import requests
Launched and connected shader compiler UnityShaderCompiler.exe after 0.16 seconds
Refreshing native plugins compatible for Editor in 1.06 ms, found 3 plugins.
Preloading 0 native plugins for Editor in 0.00 ms.
Unloading 2091 Unused Serialized files (Serialized files now loaded: 0)
System memory in use before: 93.1 MB.
System memory in use after: 93.2 MB.

Unloading 28 unused Assets to reduce memory usage. Loaded Objects now: 2528.
Total: 16.021300 ms (FindLiveObjects: 0.411600 ms CreateObjectMapping: 0.191300 ms MarkObjects: 14.664600 ms  DeleteObjects: 0.751400 ms)

AssetImportParameters requested are different than current active one (requested -> active):
  custom:framework-win-MediaFoundation: 216162199b28c13a410421893ffa2e32 -> 
  custom:video-decoder-ogg-theora: a1e56fd34408186e4bbccfd4996cb3dc -> 
  custom:container-muxer-webm: aa71ff27fc2769a1b78a27578f13a17b -> 
  custom:container-demuxer-webm: 4f35f7cbe854078d1ac9338744f61a02 -> 
  custom:container-demuxer-ogg: 62fdf1f143b41e24485cea50d1cbac27 -> 
  custom:video-encoder-webm-vp8: eb34c28f22e8b96e1ab97ce403110664 -> 
  custom:video-decoder-webm-vp8: 9c59270c3fd7afecdb556c50c9e8de78 -> 
  custom:audio-decoder-ogg-vorbis: bf7c407c2cedff20999df2af8eb42d56 -> 
  custom:audio-encoder-webm-vorbis: bf7c407c2cedff20999df2af8eb42d56 -> 
========================================================================
Received Import Request.
  path: Assets/BackgroundAssetsBig.png
  artifactKey: Guid(33ed59aa67938724899d5cb2571b2556) Importer(815301076,1909f56bfc062723c751e8b465ee728b)
Start importing Assets/BackgroundAssetsBig.png using Guid(33ed59aa67938724899d5cb2571b2556) Importer(815301076,1909f56bfc062723c751e8b465ee728b)  -> (artifact id: '255f333c497d6734f43024e27df3759d') in 0.834850 seconds 
  Import took 0.854323 seconds .

========================================================================
Received Import Request.
  Time since last request: 0.001143 seconds.
  path: Assets/FlashNimbusBig.png
  artifactKey: Guid(c2072c37ce7e3b34bb7e592441807f89) Importer(815301076,1909f56bfc062723c751e8b465ee728b)
Start importing Assets/FlashNimbusBig.png using Guid(c2072c37ce7e3b34bb7e592441807f89) Importer(815301076,1909f56bfc062723c751e8b465ee728b)  -> (artifact id: 'ef9f550bfb5dbce2923b24cb3cb43b01') in 0.134928 seconds 
  Import took 0.142383 seconds .

========================================================================
Received Import Request.
  Time since last request: 523.107195 seconds.
  path: Assets/BackgroundAssetsBig.png
  artifactKey: Guid(33ed59aa67938724899d5cb2571b2556) Importer(815301076,1909f56bfc062723c751e8b465ee728b)
Start importing Assets/BackgroundAssetsBig.png using Guid(33ed59aa67938724899d5cb2571b2556) Importer(815301076,1909f56bfc062723c751e8b465ee728b)  -> (artifact id: '1a326b652244b0848208048b1dbe74a6') in 0.028511 seconds 
  Import took 0.036501 seconds .

========================================================================
Received Import Request.
  Time since last request: 0.007771 seconds.
  path: Assets/BackgroundAssetsBig.png
  artifactKey: Guid(33ed59aa67938724899d5cb2571b2556) Importer(815301076,1909f56bfc062723c751e8b465ee728b)
Start importing Assets/BackgroundAssetsBig.png using Guid(33ed59aa67938724899d5cb2571b2556) Importer(815301076,1909f56bfc062723c751e8b465ee728b)  -> (artifact id: '1a326b652244b0848208048b1dbe74a6') in 0.017202 seconds 
  Import took 0.025485 seconds .

========================================================================
Received Import Request.
  Time since last request: 21.019403 seconds.
  path: Assets/BackgroundAssetsBig.png
  artifactKey: Guid(33ed59aa67938724899d5cb2571b2556) Importer(815301076,1909f56bfc062723c751e8b465ee728b)
Start importing Assets/BackgroundAssetsBig.png using Guid(33ed59aa67938724899d5cb2571b2556) Importer(815301076,1909f56bfc062723c751e8b465ee728b)  -> (artifact id: '4852995d23b9642c27823ee321f1193b') in 0.077716 seconds 
  Import took 0.085156 seconds .

========================================================================
Received Import Request.
  Time since last request: 30.993491 seconds.
  path: Assets/FlashNimbusBig.png
  artifactKey: Guid(c2072c37ce7e3b34bb7e592441807f89) Importer(815301076,1909f56bfc062723c751e8b465ee728b)
Start importing Assets/FlashNimbusBig.png using Guid(c2072c37ce7e3b34bb7e592441807f89) Importer(815301076,1909f56bfc062723c751e8b465ee728b)  -> (artifact id: '6d117148119569850ff45ebc0689dd7e') in 0.023149 seconds 
  Import took 0.032876 seconds .

========================================================================
Received Import Request.
  Time since last request: 0.018248 seconds.
  path: Assets/FlashNimbusBig.png
  artifactKey: Guid(c2072c37ce7e3b34bb7e592441807f89) Importer(815301076,1909f56bfc062723c751e8b465ee728b)
Start importing Assets/FlashNimbusBig.png using Guid(c2072c37ce7e3b34bb7e592441807f89) Importer(815301076,1909f56bfc062723c751e8b465ee728b)  -> (artifact id: '6d117148119569850ff45ebc0689dd7e') in 0.028559 seconds 
  Import took 0.034322 seconds .

========================================================================
Received Import Request.
  Time since last request: 12.163195 seconds.
  path: Assets/FlashNimbusBig.png
  artifactKey: Guid(c2072c37ce7e3b34bb7e592441807f89) Importer(815301076,1909f56bfc062723c751e8b465ee728b)
Start importing Assets/FlashNimbusBig.png using Guid(c2072c37ce7e3b34bb7e592441807f89) Importer(815301076,1909f56bfc062723c751e8b465ee728b)  -> (artifact id: '1f9cea2f8f2add622d50eaa54f5e2390') in 0.107046 seconds 
  Import took 0.118414 seconds .

========================================================================
Received Prepare
Registering precompiled user dll's ...
Registered in 0.013010 seconds.
Begin MonoManager ReloadAssembly
Native extension for WindowsStandalone target not found
Refreshing native plugins compatible for Editor in 0.56 ms, found 3 plugins.
Preloading 0 native plugins for Editor in 0.00 ms.
Mono: successfully reloaded assembly
- Completed reload, in  1.727 seconds
Domain Reload Profiling:
	ReloadAssembly (1728ms)
		BeginReloadAssembly (186ms)
			ExecutionOrderSort (0ms)
			DisableScriptedObjects (12ms)
			BackupInstance (0ms)
			ReleaseScriptingObjects (0ms)
			CreateAndSetChildDomain (55ms)
		EndReloadAssembly (1446ms)
			LoadAssemblies (149ms)
			RebuildTransferFunctionScriptingTraits (0ms)
			SetupTypeCache (472ms)
			ReleaseScriptCaches (1ms)
			RebuildScriptCaches (60ms)
			SetupLoadedEditorAssemblies (623ms)
				LogAssemblyErrors (0ms)
				InitializePlatformSupportModulesInManaged (8ms)
				SetLoadedEditorAssemblies (1ms)
				RefreshPlugins (1ms)
				BeforeProcessingInitializeOnLoad (167ms)
				ProcessInitializeOnLoadAttributes (427ms)
				ProcessInitializeOnLoadMethodAttributes (8ms)
				AfterProcessingInitializeOnLoad (11ms)
				EditorAssembliesLoaded (0ms)
			ExecutionOrderSort2 (0ms)
			AwakeInstancesAfterBackupRestoration (15ms)
Platform modules already initialized, skipping
Refreshing native plugins compatible for Editor in 0.87 ms, found 3 plugins.
Preloading 0 native plugins for Editor in 0.00 ms.
Unloading 2081 Unused Serialized files (Serialized files now loaded: 0)
System memory in use before: 95.5 MB.
System memory in use after: 95.6 MB.

Unloading 16 unused Assets to reduce memory usage. Loaded Objects now: 2537.
Total: 4.696800 ms (FindLiveObjects: 0.292600 ms CreateObjectMapping: 0.110500 ms MarkObjects: 4.243200 ms  DeleteObjects: 0.048700 ms)

AssetImportParameters requested are different than current active one (requested -> active):
  custom:framework-win-MediaFoundation: 216162199b28c13a410421893ffa2e32 -> 
  custom:video-decoder-ogg-theora: a1e56fd34408186e4bbccfd4996cb3dc -> 
  custom:container-muxer-webm: aa71ff27fc2769a1b78a27578f13a17b -> 
  custom:container-demuxer-webm: 4f35f7cbe854078d1ac9338744f61a02 -> 
  custom:container-demuxer-ogg: 62fdf1f143b41e24485cea50d1cbac27 -> 
  custom:video-encoder-webm-vp8: eb34c28f22e8b96e1ab97ce403110664 -> 
  custom:video-decoder-webm-vp8: 9c59270c3fd7afecdb556c50c9e8de78 -> 
  custom:audio-decoder-ogg-vorbis: bf7c407c2cedff20999df2af8eb42d56 -> 
  custom:audio-encoder-webm-vorbis: bf7c407c2cedff20999df2af8eb42d56 -> 
AssetImportWorkerClient::OnTransportError - code=2 error=End of file
